[2025-01-11T22:11:38.449+0000] {processor.py:186} INFO - Started process (PID=174) to work on /opt/airflow/dags/our_first_dag.py
[2025-01-11T22:11:38.451+0000] {processor.py:914} INFO - Processing file /opt/airflow/dags/our_first_dag.py for tasks to queue
[2025-01-11T22:11:38.452+0000] {logging_mixin.py:190} INFO - [2025-01-11T22:11:38.452+0000] {dagbag.py:588} INFO - Filling up the DagBag from /opt/airflow/dags/our_first_dag.py
[2025-01-11T22:11:38.469+0000] {processor.py:925} INFO - DAG(s) 'our_first_dag_v4' retrieved from /opt/airflow/dags/our_first_dag.py
[2025-01-11T22:11:38.587+0000] {logging_mixin.py:190} INFO - [2025-01-11T22:11:38.587+0000] {override.py:1911} INFO - Created Permission View: menu access on DAG Run:our_first_dag_v4
[2025-01-11T22:11:38.589+0000] {logging_mixin.py:190} INFO - [2025-01-11T22:11:38.589+0000] {override.py:1911} INFO - Created Permission View: can delete on DAG Run:our_first_dag_v4
[2025-01-11T22:11:38.591+0000] {logging_mixin.py:190} INFO - [2025-01-11T22:11:38.591+0000] {override.py:1911} INFO - Created Permission View: can create on DAG Run:our_first_dag_v4
[2025-01-11T22:11:38.593+0000] {logging_mixin.py:190} INFO - [2025-01-11T22:11:38.592+0000] {override.py:1911} INFO - Created Permission View: can read on DAG Run:our_first_dag_v4
[2025-01-11T22:11:38.593+0000] {logging_mixin.py:190} INFO - [2025-01-11T22:11:38.593+0000] {dag.py:3239} INFO - Sync 1 DAGs
[2025-01-11T22:11:38.601+0000] {logging_mixin.py:190} INFO - [2025-01-11T22:11:38.601+0000] {dag.py:4180} INFO - Setting next_dagrun for our_first_dag_v4 to 2025-01-13 00:00:00+00:00, run_after=2025-01-14 00:00:00+00:00
[2025-01-11T22:11:38.607+0000] {processor.py:208} INFO - Processing /opt/airflow/dags/our_first_dag.py took 0.161 seconds
[2025-01-11T22:12:08.756+0000] {processor.py:186} INFO - Started process (PID=185) to work on /opt/airflow/dags/our_first_dag.py
[2025-01-11T22:12:08.757+0000] {processor.py:914} INFO - Processing file /opt/airflow/dags/our_first_dag.py for tasks to queue
[2025-01-11T22:12:08.760+0000] {logging_mixin.py:190} INFO - [2025-01-11T22:12:08.760+0000] {dagbag.py:588} INFO - Filling up the DagBag from /opt/airflow/dags/our_first_dag.py
[2025-01-11T22:12:08.776+0000] {processor.py:925} INFO - DAG(s) 'our_first_dag_v4' retrieved from /opt/airflow/dags/our_first_dag.py
[2025-01-11T22:12:08.801+0000] {logging_mixin.py:190} INFO - [2025-01-11T22:12:08.801+0000] {dag.py:3239} INFO - Sync 1 DAGs
[2025-01-11T22:12:08.817+0000] {logging_mixin.py:190} INFO - [2025-01-11T22:12:08.817+0000] {dag.py:4180} INFO - Setting next_dagrun for our_first_dag_v4 to 2025-01-13 00:00:00+00:00, run_after=2025-01-14 00:00:00+00:00
[2025-01-11T22:12:08.824+0000] {processor.py:208} INFO - Processing /opt/airflow/dags/our_first_dag.py took 0.075 seconds
[2025-01-11T22:12:39.123+0000] {processor.py:186} INFO - Started process (PID=202) to work on /opt/airflow/dags/our_first_dag.py
[2025-01-11T22:12:39.124+0000] {processor.py:914} INFO - Processing file /opt/airflow/dags/our_first_dag.py for tasks to queue
[2025-01-11T22:12:39.127+0000] {logging_mixin.py:190} INFO - [2025-01-11T22:12:39.127+0000] {dagbag.py:588} INFO - Filling up the DagBag from /opt/airflow/dags/our_first_dag.py
[2025-01-11T22:12:39.138+0000] {processor.py:925} INFO - DAG(s) 'our_first_dag_v4' retrieved from /opt/airflow/dags/our_first_dag.py
[2025-01-11T22:12:39.156+0000] {logging_mixin.py:190} INFO - [2025-01-11T22:12:39.155+0000] {dag.py:3239} INFO - Sync 1 DAGs
[2025-01-11T22:12:39.165+0000] {logging_mixin.py:190} INFO - [2025-01-11T22:12:39.165+0000] {dag.py:4180} INFO - Setting next_dagrun for our_first_dag_v4 to 2025-01-13 00:00:00+00:00, run_after=2025-01-14 00:00:00+00:00
[2025-01-11T22:12:39.172+0000] {processor.py:208} INFO - Processing /opt/airflow/dags/our_first_dag.py took 0.055 seconds
[2025-01-11T22:13:09.462+0000] {processor.py:186} INFO - Started process (PID=213) to work on /opt/airflow/dags/our_first_dag.py
[2025-01-11T22:13:09.464+0000] {processor.py:914} INFO - Processing file /opt/airflow/dags/our_first_dag.py for tasks to queue
[2025-01-11T22:13:09.467+0000] {logging_mixin.py:190} INFO - [2025-01-11T22:13:09.466+0000] {dagbag.py:588} INFO - Filling up the DagBag from /opt/airflow/dags/our_first_dag.py
[2025-01-11T22:13:09.498+0000] {processor.py:925} INFO - DAG(s) 'our_first_dag_v4' retrieved from /opt/airflow/dags/our_first_dag.py
[2025-01-11T22:13:09.531+0000] {logging_mixin.py:190} INFO - [2025-01-11T22:13:09.531+0000] {dag.py:3239} INFO - Sync 1 DAGs
[2025-01-11T22:13:09.550+0000] {logging_mixin.py:190} INFO - [2025-01-11T22:13:09.550+0000] {dag.py:4180} INFO - Setting next_dagrun for our_first_dag_v4 to 2025-01-13 00:00:00+00:00, run_after=2025-01-14 00:00:00+00:00
[2025-01-11T22:13:09.560+0000] {processor.py:208} INFO - Processing /opt/airflow/dags/our_first_dag.py took 0.108 seconds
[2025-01-11T22:13:39.851+0000] {processor.py:186} INFO - Started process (PID=224) to work on /opt/airflow/dags/our_first_dag.py
[2025-01-11T22:13:39.852+0000] {processor.py:914} INFO - Processing file /opt/airflow/dags/our_first_dag.py for tasks to queue
[2025-01-11T22:13:39.855+0000] {logging_mixin.py:190} INFO - [2025-01-11T22:13:39.855+0000] {dagbag.py:588} INFO - Filling up the DagBag from /opt/airflow/dags/our_first_dag.py
[2025-01-11T22:13:39.879+0000] {processor.py:925} INFO - DAG(s) 'our_first_dag_v4' retrieved from /opt/airflow/dags/our_first_dag.py
[2025-01-11T22:13:39.914+0000] {logging_mixin.py:190} INFO - [2025-01-11T22:13:39.914+0000] {dag.py:3239} INFO - Sync 1 DAGs
[2025-01-11T22:13:39.927+0000] {logging_mixin.py:190} INFO - [2025-01-11T22:13:39.927+0000] {dag.py:4180} INFO - Setting next_dagrun for our_first_dag_v4 to 2025-01-13 00:00:00+00:00, run_after=2025-01-14 00:00:00+00:00
[2025-01-11T22:13:39.934+0000] {processor.py:208} INFO - Processing /opt/airflow/dags/our_first_dag.py took 0.088 seconds
[2025-01-11T22:14:10.211+0000] {processor.py:186} INFO - Started process (PID=235) to work on /opt/airflow/dags/our_first_dag.py
[2025-01-11T22:14:10.212+0000] {processor.py:914} INFO - Processing file /opt/airflow/dags/our_first_dag.py for tasks to queue
[2025-01-11T22:14:10.215+0000] {logging_mixin.py:190} INFO - [2025-01-11T22:14:10.215+0000] {dagbag.py:588} INFO - Filling up the DagBag from /opt/airflow/dags/our_first_dag.py
[2025-01-11T22:14:10.237+0000] {processor.py:925} INFO - DAG(s) 'our_first_dag_v4' retrieved from /opt/airflow/dags/our_first_dag.py
[2025-01-11T22:14:10.268+0000] {logging_mixin.py:190} INFO - [2025-01-11T22:14:10.268+0000] {dag.py:3239} INFO - Sync 1 DAGs
[2025-01-11T22:14:10.281+0000] {logging_mixin.py:190} INFO - [2025-01-11T22:14:10.281+0000] {dag.py:4180} INFO - Setting next_dagrun for our_first_dag_v4 to 2025-01-13 00:00:00+00:00, run_after=2025-01-14 00:00:00+00:00
[2025-01-11T22:14:10.289+0000] {processor.py:208} INFO - Processing /opt/airflow/dags/our_first_dag.py took 0.086 seconds
[2025-01-11T22:14:40.493+0000] {processor.py:186} INFO - Started process (PID=246) to work on /opt/airflow/dags/our_first_dag.py
[2025-01-11T22:14:40.494+0000] {processor.py:914} INFO - Processing file /opt/airflow/dags/our_first_dag.py for tasks to queue
[2025-01-11T22:14:40.496+0000] {logging_mixin.py:190} INFO - [2025-01-11T22:14:40.495+0000] {dagbag.py:588} INFO - Filling up the DagBag from /opt/airflow/dags/our_first_dag.py
[2025-01-11T22:14:40.505+0000] {processor.py:925} INFO - DAG(s) 'our_first_dag_v4' retrieved from /opt/airflow/dags/our_first_dag.py
[2025-01-11T22:14:40.520+0000] {logging_mixin.py:190} INFO - [2025-01-11T22:14:40.520+0000] {dag.py:3239} INFO - Sync 1 DAGs
[2025-01-11T22:14:40.531+0000] {logging_mixin.py:190} INFO - [2025-01-11T22:14:40.531+0000] {dag.py:4180} INFO - Setting next_dagrun for our_first_dag_v4 to 2025-01-13 00:00:00+00:00, run_after=2025-01-14 00:00:00+00:00
[2025-01-11T22:14:40.538+0000] {processor.py:208} INFO - Processing /opt/airflow/dags/our_first_dag.py took 0.050 seconds
[2025-01-11T22:15:10.853+0000] {processor.py:186} INFO - Started process (PID=257) to work on /opt/airflow/dags/our_first_dag.py
[2025-01-11T22:15:10.853+0000] {processor.py:914} INFO - Processing file /opt/airflow/dags/our_first_dag.py for tasks to queue
[2025-01-11T22:15:10.856+0000] {logging_mixin.py:190} INFO - [2025-01-11T22:15:10.856+0000] {dagbag.py:588} INFO - Filling up the DagBag from /opt/airflow/dags/our_first_dag.py
[2025-01-11T22:15:10.873+0000] {processor.py:925} INFO - DAG(s) 'our_first_dag_v4' retrieved from /opt/airflow/dags/our_first_dag.py
[2025-01-11T22:15:10.897+0000] {logging_mixin.py:190} INFO - [2025-01-11T22:15:10.897+0000] {dag.py:3239} INFO - Sync 1 DAGs
[2025-01-11T22:15:10.911+0000] {logging_mixin.py:190} INFO - [2025-01-11T22:15:10.911+0000] {dag.py:4180} INFO - Setting next_dagrun for our_first_dag_v4 to 2025-01-13 00:00:00+00:00, run_after=2025-01-14 00:00:00+00:00
[2025-01-11T22:15:10.919+0000] {processor.py:208} INFO - Processing /opt/airflow/dags/our_first_dag.py took 0.073 seconds
[2025-01-11T22:15:41.222+0000] {processor.py:186} INFO - Started process (PID=268) to work on /opt/airflow/dags/our_first_dag.py
[2025-01-11T22:15:41.222+0000] {processor.py:914} INFO - Processing file /opt/airflow/dags/our_first_dag.py for tasks to queue
[2025-01-11T22:15:41.225+0000] {logging_mixin.py:190} INFO - [2025-01-11T22:15:41.224+0000] {dagbag.py:588} INFO - Filling up the DagBag from /opt/airflow/dags/our_first_dag.py
[2025-01-11T22:15:41.237+0000] {processor.py:925} INFO - DAG(s) 'our_first_dag_v4' retrieved from /opt/airflow/dags/our_first_dag.py
[2025-01-11T22:15:41.256+0000] {logging_mixin.py:190} INFO - [2025-01-11T22:15:41.256+0000] {dag.py:3239} INFO - Sync 1 DAGs
[2025-01-11T22:15:41.267+0000] {logging_mixin.py:190} INFO - [2025-01-11T22:15:41.267+0000] {dag.py:4180} INFO - Setting next_dagrun for our_first_dag_v4 to 2025-01-13 00:00:00+00:00, run_after=2025-01-14 00:00:00+00:00
[2025-01-11T22:15:41.274+0000] {processor.py:208} INFO - Processing /opt/airflow/dags/our_first_dag.py took 0.058 seconds
[2025-01-11T22:16:11.526+0000] {processor.py:186} INFO - Started process (PID=279) to work on /opt/airflow/dags/our_first_dag.py
[2025-01-11T22:16:11.527+0000] {processor.py:914} INFO - Processing file /opt/airflow/dags/our_first_dag.py for tasks to queue
[2025-01-11T22:16:11.530+0000] {logging_mixin.py:190} INFO - [2025-01-11T22:16:11.529+0000] {dagbag.py:588} INFO - Filling up the DagBag from /opt/airflow/dags/our_first_dag.py
[2025-01-11T22:16:11.544+0000] {processor.py:925} INFO - DAG(s) 'our_first_dag_v4' retrieved from /opt/airflow/dags/our_first_dag.py
[2025-01-11T22:16:11.566+0000] {logging_mixin.py:190} INFO - [2025-01-11T22:16:11.566+0000] {dag.py:3239} INFO - Sync 1 DAGs
[2025-01-11T22:16:11.579+0000] {logging_mixin.py:190} INFO - [2025-01-11T22:16:11.579+0000] {dag.py:4180} INFO - Setting next_dagrun for our_first_dag_v4 to 2025-01-13 00:00:00+00:00, run_after=2025-01-14 00:00:00+00:00
[2025-01-11T22:16:11.587+0000] {processor.py:208} INFO - Processing /opt/airflow/dags/our_first_dag.py took 0.067 seconds
[2025-01-11T22:16:41.838+0000] {processor.py:186} INFO - Started process (PID=290) to work on /opt/airflow/dags/our_first_dag.py
[2025-01-11T22:16:41.838+0000] {processor.py:914} INFO - Processing file /opt/airflow/dags/our_first_dag.py for tasks to queue
[2025-01-11T22:16:41.842+0000] {logging_mixin.py:190} INFO - [2025-01-11T22:16:41.842+0000] {dagbag.py:588} INFO - Filling up the DagBag from /opt/airflow/dags/our_first_dag.py
[2025-01-11T22:16:41.856+0000] {processor.py:925} INFO - DAG(s) 'our_first_dag_v4' retrieved from /opt/airflow/dags/our_first_dag.py
[2025-01-11T22:16:41.888+0000] {logging_mixin.py:190} INFO - [2025-01-11T22:16:41.888+0000] {dag.py:3239} INFO - Sync 1 DAGs
[2025-01-11T22:16:41.904+0000] {logging_mixin.py:190} INFO - [2025-01-11T22:16:41.904+0000] {dag.py:4180} INFO - Setting next_dagrun for our_first_dag_v4 to 2025-01-13 00:00:00+00:00, run_after=2025-01-14 00:00:00+00:00
[2025-01-11T22:16:41.913+0000] {processor.py:208} INFO - Processing /opt/airflow/dags/our_first_dag.py took 0.083 seconds
[2025-01-11T22:17:05.078+0000] {processor.py:186} INFO - Started process (PID=295) to work on /opt/airflow/dags/our_first_dag.py
[2025-01-11T22:17:05.080+0000] {processor.py:914} INFO - Processing file /opt/airflow/dags/our_first_dag.py for tasks to queue
[2025-01-11T22:17:05.082+0000] {logging_mixin.py:190} INFO - [2025-01-11T22:17:05.082+0000] {dagbag.py:588} INFO - Filling up the DagBag from /opt/airflow/dags/our_first_dag.py
[2025-01-11T22:17:05.106+0000] {processor.py:925} INFO - DAG(s) 'our_first_dag_v5' retrieved from /opt/airflow/dags/our_first_dag.py
[2025-01-11T22:17:05.229+0000] {logging_mixin.py:190} INFO - [2025-01-11T22:17:05.229+0000] {override.py:1911} INFO - Created Permission View: can edit on DAG:our_first_dag_v5
[2025-01-11T22:17:05.235+0000] {logging_mixin.py:190} INFO - [2025-01-11T22:17:05.235+0000] {override.py:1911} INFO - Created Permission View: can delete on DAG:our_first_dag_v5
[2025-01-11T22:17:05.238+0000] {logging_mixin.py:190} INFO - [2025-01-11T22:17:05.238+0000] {override.py:1911} INFO - Created Permission View: can read on DAG:our_first_dag_v5
[2025-01-11T22:17:05.241+0000] {logging_mixin.py:190} INFO - [2025-01-11T22:17:05.241+0000] {override.py:1911} INFO - Created Permission View: menu access on DAG Run:our_first_dag_v5
[2025-01-11T22:17:05.244+0000] {logging_mixin.py:190} INFO - [2025-01-11T22:17:05.243+0000] {override.py:1911} INFO - Created Permission View: can delete on DAG Run:our_first_dag_v5
[2025-01-11T22:17:05.246+0000] {logging_mixin.py:190} INFO - [2025-01-11T22:17:05.246+0000] {override.py:1911} INFO - Created Permission View: can create on DAG Run:our_first_dag_v5
[2025-01-11T22:17:05.249+0000] {logging_mixin.py:190} INFO - [2025-01-11T22:17:05.248+0000] {override.py:1911} INFO - Created Permission View: can read on DAG Run:our_first_dag_v5
[2025-01-11T22:17:05.249+0000] {logging_mixin.py:190} INFO - [2025-01-11T22:17:05.249+0000] {dag.py:3239} INFO - Sync 1 DAGs
[2025-01-11T22:17:05.257+0000] {logging_mixin.py:190} INFO - [2025-01-11T22:17:05.257+0000] {dag.py:3262} INFO - Creating ORM DAG for our_first_dag_v5
[2025-01-11T22:17:05.263+0000] {logging_mixin.py:190} INFO - [2025-01-11T22:17:05.263+0000] {dag.py:4180} INFO - Setting next_dagrun for our_first_dag_v5 to 2025-01-13 00:00:00+00:00, run_after=2025-01-14 00:00:00+00:00
[2025-01-11T22:17:05.424+0000] {processor.py:208} INFO - Processing /opt/airflow/dags/our_first_dag.py took 0.357 seconds
[2025-01-11T22:17:15.232+0000] {processor.py:186} INFO - Started process (PID=306) to work on /opt/airflow/dags/our_first_dag.py
[2025-01-11T22:17:15.233+0000] {processor.py:914} INFO - Processing file /opt/airflow/dags/our_first_dag.py for tasks to queue
[2025-01-11T22:17:15.235+0000] {logging_mixin.py:190} INFO - [2025-01-11T22:17:15.235+0000] {dagbag.py:588} INFO - Filling up the DagBag from /opt/airflow/dags/our_first_dag.py
[2025-01-11T22:17:15.247+0000] {processor.py:925} INFO - DAG(s) 'our_first_dag_v5' retrieved from /opt/airflow/dags/our_first_dag.py
[2025-01-11T22:17:15.259+0000] {logging_mixin.py:190} INFO - [2025-01-11T22:17:15.259+0000] {dag.py:3239} INFO - Sync 1 DAGs
[2025-01-11T22:17:15.271+0000] {logging_mixin.py:190} INFO - [2025-01-11T22:17:15.271+0000] {dag.py:4180} INFO - Setting next_dagrun for our_first_dag_v5 to None, run_after=None
[2025-01-11T22:17:15.278+0000] {processor.py:208} INFO - Processing /opt/airflow/dags/our_first_dag.py took 0.054 seconds
