[2025-01-11T22:11:38.382+0000] {manager.py:483} INFO - Processing files using up to 2 processes at a time 
[2025-01-11T22:11:38.382+0000] {manager.py:484} INFO - Process each file at most once every 30 seconds
[2025-01-11T22:11:38.383+0000] {manager.py:485} INFO - Checking for new files in /opt/airflow/dags every 300 seconds
[2025-01-11T22:11:38.384+0000] {manager.py:821} INFO - Searching for files in /opt/airflow/dags
[2025-01-11T22:11:38.399+0000] {manager.py:824} INFO - There are 1 files in /opt/airflow/dags
[2025-01-11T22:11:38.451+0000] {manager.py:997} INFO - 
================================================================================
DAG File Processing Stats

File Path                             PID  Runtime      # DAGs    # Errors  Last Runtime    Last Run      Last # of DB Queries
----------------------------------  -----  ---------  --------  ----------  --------------  ----------  ----------------------
/opt/airflow/dags/our_first_dag.py    174  0.01s             0           0                                                   0
================================================================================
[2025-01-11T22:12:08.741+0000] {manager.py:997} INFO - 
================================================================================
DAG File Processing Stats

File Path                             PID  Runtime      # DAGs    # Errors  Last Runtime    Last Run               Last # of DB Queries
----------------------------------  -----  ---------  --------  ----------  --------------  -------------------  ----------------------
/opt/airflow/dags/our_first_dag.py    185  0.01s             1           0  0.17s           2025-01-11T22:11:38                      41
================================================================================
[2025-01-11T22:12:39.107+0000] {manager.py:997} INFO - 
================================================================================
DAG File Processing Stats

File Path                             PID  Runtime      # DAGs    # Errors  Last Runtime    Last Run               Last # of DB Queries
----------------------------------  -----  ---------  --------  ----------  --------------  -------------------  ----------------------
/opt/airflow/dags/our_first_dag.py    202  0.01s             1           0  0.10s           2025-01-11T22:12:08                      12
================================================================================
[2025-01-11T22:13:09.444+0000] {manager.py:997} INFO - 
================================================================================
DAG File Processing Stats

File Path                             PID  Runtime      # DAGs    # Errors  Last Runtime    Last Run               Last # of DB Queries
----------------------------------  -----  ---------  --------  ----------  --------------  -------------------  ----------------------
/opt/airflow/dags/our_first_dag.py    213  0.00s             1           0  0.09s           2025-01-11T22:12:39                      12
================================================================================
[2025-01-11T22:13:39.832+0000] {manager.py:997} INFO - 
================================================================================
DAG File Processing Stats

File Path                             PID  Runtime      # DAGs    # Errors  Last Runtime    Last Run               Last # of DB Queries
----------------------------------  -----  ---------  --------  ----------  --------------  -------------------  ----------------------
/opt/airflow/dags/our_first_dag.py    224  0.02s             1           0  0.13s           2025-01-11T22:13:09                      12
================================================================================
[2025-01-11T22:14:10.190+0000] {manager.py:997} INFO - 
================================================================================
DAG File Processing Stats

File Path                             PID  Runtime      # DAGs    # Errors  Last Runtime    Last Run               Last # of DB Queries
----------------------------------  -----  ---------  --------  ----------  --------------  -------------------  ----------------------
/opt/airflow/dags/our_first_dag.py    235  0.01s             1           0  0.13s           2025-01-11T22:13:39                      12
================================================================================
[2025-01-11T22:14:40.484+0000] {manager.py:997} INFO - 
================================================================================
DAG File Processing Stats

File Path                             PID  Runtime      # DAGs    # Errors  Last Runtime    Last Run               Last # of DB Queries
----------------------------------  -----  ---------  --------  ----------  --------------  -------------------  ----------------------
/opt/airflow/dags/our_first_dag.py    246  0.01s             1           0  0.11s           2025-01-11T22:14:10                      12
================================================================================
[2025-01-11T22:15:10.838+0000] {manager.py:997} INFO - 
================================================================================
DAG File Processing Stats

File Path                             PID  Runtime      # DAGs    # Errors  Last Runtime    Last Run               Last # of DB Queries
----------------------------------  -----  ---------  --------  ----------  --------------  -------------------  ----------------------
/opt/airflow/dags/our_first_dag.py    257  0.01s             1           0  0.06s           2025-01-11T22:14:40                      12
================================================================================
[2025-01-11T22:15:41.209+0000] {manager.py:997} INFO - 
================================================================================
DAG File Processing Stats

File Path                             PID  Runtime      # DAGs    # Errors  Last Runtime    Last Run               Last # of DB Queries
----------------------------------  -----  ---------  --------  ----------  --------------  -------------------  ----------------------
/opt/airflow/dags/our_first_dag.py    268  0.01s             1           0  0.10s           2025-01-11T22:15:10                      12
================================================================================
[2025-01-11T22:16:11.513+0000] {manager.py:997} INFO - 
================================================================================
DAG File Processing Stats

File Path                             PID  Runtime      # DAGs    # Errors  Last Runtime    Last Run               Last # of DB Queries
----------------------------------  -----  ---------  --------  ----------  --------------  -------------------  ----------------------
/opt/airflow/dags/our_first_dag.py    279  0.01s             1           0  0.08s           2025-01-11T22:15:41                      12
================================================================================
[2025-01-11T22:16:38.762+0000] {manager.py:821} INFO - Searching for files in /opt/airflow/dags
[2025-01-11T22:16:38.770+0000] {manager.py:824} INFO - There are 1 files in /opt/airflow/dags
[2025-01-11T22:16:41.815+0000] {manager.py:997} INFO - 
================================================================================
DAG File Processing Stats

File Path                             PID  Runtime      # DAGs    # Errors  Last Runtime    Last Run               Last # of DB Queries
----------------------------------  -----  ---------  --------  ----------  --------------  -------------------  ----------------------
/opt/airflow/dags/our_first_dag.py    290  0.01s             1           0  0.09s           2025-01-11T22:16:11                      12
================================================================================
[2025-01-11T22:17:12.180+0000] {manager.py:997} INFO - 
================================================================================
DAG File Processing Stats

File Path                           PID    Runtime      # DAGs    # Errors  Last Runtime    Last Run               Last # of DB Queries
----------------------------------  -----  ---------  --------  ----------  --------------  -------------------  ----------------------
/opt/airflow/dags/our_first_dag.py                           1           0  0.39s           2025-01-11T22:17:05                      45
================================================================================
